2026/04/18 22:22:42 서버 초기화 시작
2026/04/18 22:22:42 DB 초기 설정 완료
2026/04/18 22:23:55 서버 초기화 시작
2026/04/18 22:23:55 DB 초기 설정 완료
2026/04/28 17:11:01 서버 초기화 시작
2026/04/28 17:11:01 DB 초기 설정 완료
2026/04/28 17:11:57 서버 초기화 시작
2026/04/28 17:11:57 DB 초기 설정 완료
2026/04/28 17:14:16 서버 초기화 시작
2026/04/28 17:14:16 DB 초기 설정 완료
2026/04/28 22:51:12 서버 초기화 시작
2026/04/28 22:51:12 DB 초기 설정 완료
2026/04/28 22:53:56 서버 초기화 시작
2026/04/28 22:53:56 DB 초기 설정 완료
2026/04/28 22:55:24 서버 초기화 시작
2026/04/28 22:55:24 DB 초기 설정 완료
2026/04/28 23:04:21 서버 초기화 시작
2026/04/28 23:04:21 DB 초기 설정 완료
2026/04/28 23:07:59 서버 초기화 시작
2026/04/28 23:07:59 DB 초기 설정 완료
2026/04/28 23:08:55 서버 초기화 시작
2026/04/28 23:08:55 DB 초기 설정 완료
2026/04/28 23:15:44 서버 초기화 시작
2026/04/28 23:15:44 DB 초기 설정 완료
2026/04/28 23:15:58 파일 행 읽기 실패: sql: Scan error on column index 4, name "CreatedAt": unsupported Scan, storing driver.Value type string into type *time.Time
2026/04/28 23:19:47 서버 초기화 시작
2026/04/28 23:19:47 DB 초기 설정 완료
2026/04/28 23:22:07 서버 초기화 시작
2026/04/28 23:22:07 DB 초기 설정 완료
2026/04/28 23:25:22 서버 초기화 시작
2026/04/28 23:25:22 DB 초기 설정 완료
2026/04/28 23:28:12 서버 초기화 시작
2026/04/28 23:28:12 DB 초기 설정 완료
2026/04/28 23:34:29 share: permission denied user=ed48d0dc-e79c-957e-742b-19adfab3c466 file=
2026/04/28 23:35:44 파일 열기 실패 [aa16b390-b5d1-e486-120b-8b969c0b4189.png]: open upload/aa16b390-b5d1-e486-120b-8b969c0b4189.png: no such file or directory
2026/04/28 23:37:50 서버 초기화 시작
2026/04/28 23:37:50 DB 초기 설정 완료
2026/04/28 23:55:07 서버 초기화 시작
2026/04/28 23:55:07 DB 초기 설정 완료
2026/04/28 23:55:44 share: permission denied user=03d6e8a7-7cb8-3994-6937-639ba6657084 file=
2026/04/29 08:21:18 서버 초기화 시작
2026/04/29 08:21:18 DB 초기 설정 완료
2026/04/29 08:39:49 서버 초기화 시작
2026/04/29 08:39:49 DB 초기 설정 완료
2026/04/29 08:46:53 파일 전송 실패 [81bcaacd-c76d-d567-3196-211fadaa7be2.bin]: write tcp [::1]:8080->[::1]:38056: write: connection reset by peer
2026/04/29 08:46:53 http: superfluous response.WriteHeader call from lightcloud/handler.DownloadFiles (file.go:261)
2026/04/29 11:02:54 서버 초기화 시작
2026/04/29 11:02:55 DB 초기 설정 완료
2026/04/29 11:03:24 서버 초기화 시작
2026/04/29 11:03:25 DB 초기 설정 완료
